#
# A fatal error has been detected by the Java Runtime Environment:
#
#  Internal Error (javaClasses.cpp:129), pid=7928, tid=6040
#  fatal error: Invalid layout of preloaded class
#
# JRE version: 7.0_17-b02
# Java VM: Java HotSpot(TM) Client VM (23.7-b01 mixed mode windows-x86 )
# Failed to write core dump. Minidumps are not enabled by default on client versions of Windows
#
# If you would like to submit a bug report, please visit:
#   http://bugreport.sun.com/bugreport/crash.jsp
#

---------------  T H R E A D  ---------------

Current thread (0x009db800):  JavaThread "Unknown thread" [_thread_in_vm, id=6040, stack(0x01950000,0x019a0000)]

Stack: [0x01950000,0x019a0000],  sp=0x0199fac0,  free space=318k
Native frames: (J=compiled Java code, j=interpreted, Vv=VM code, C=native code)
V  [jvm.dll+0x16f261]
V  [jvm.dll+0x1693d6]
V  [jvm.dll+0x2079f]
V  [jvm.dll+0x20826]
V  [jvm.dll+0x2e5bd]
V  [jvm.dll+0x2e869]
V  [jvm.dll+0x77ba1]
V  [jvm.dll+0x77f5b]
V  [jvm.dll+0x1290e1]
V  [jvm.dll+0x149b3a]
V  [jvm.dll+0xa98df]
C  [javaw.exe+0x13ca]
C  [javaw.exe+0x1e3c]
C  [javaw.exe+0xa5a1]
C  [javaw.exe+0xa62b]
C  [kernel32.dll+0x4ee1c]  BaseThreadInitThunk+0x12
C  [ntdll.dll+0x637eb]  RtlInitializeExceptionChain+0xef
C  [ntdll.dll+0x637be]  RtlInitializeExceptionChain+0xc2


---------------  P R O C E S S  ---------------

Java Threads: ( => current thread )

Other Threads:

=>0x009db800 (exited) JavaThread "Unknown thread" [_thread_in_vm, id=6040, stack(0x01950000,0x019a0000)]

VM state:not at safepoint (not fully initialized)

VM Mutex/Monitor currently owned by a thread: None

GC Heap History (0 events):
No events

Deoptimization events (0 events):
No events

Internal exceptions (0 events):
No events

Events (10 events):
Event: 0.712 loading class 0x019b6ee0 done
Event: 0.713 loading class 0x019b58e0 done
Event: 0.713 loading class 0x019b58b8
Event: 0.713 loading class 0x01a2c330
Event: 0.713 loading class 0x01a2c330 done
Event: 0.713 loading class 0x01a2c368
Event: 0.713 loading class 0x01a2c368 done
Event: 0.713 loading class 0x01a22188
Event: 0.713 loading class 0x01a22188 done
Event: 0.713 loading class 0x019b58b8 done


Dynamic libraries:
0x00a20000 - 0x00a4f000 	C:\Java\jdk1.7.0_17\bin\javaw.exe
0x77060000 - 0x7719c000 	C:\Windows\SYSTEM32\ntdll.dll
0x76da0000 - 0x76e74000 	C:\Windows\system32\kernel32.dll
0x75380000 - 0x753cb000 	C:\Windows\system32\KERNELBASE.dll
0x76570000 - 0x76610000 	C:\Windows\system32\ADVAPI32.dll
0x76b30000 - 0x76bdc000 	C:\Windows\system32\msvcrt.dll
0x77270000 - 0x77289000 	C:\Windows\SYSTEM32\sechost.dll
0x76e80000 - 0x76f22000 	C:\Windows\system32\RPCRT4.dll
0x757c0000 - 0x75889000 	C:\Windows\system32\USER32.dll
0x764f0000 - 0x7653e000 	C:\Windows\system32\GDI32.dll
0x764e0000 - 0x764ea000 	C:\Windows\system32\LPK.dll
0x76a90000 - 0x76b2d000 	C:\Windows\system32\USP10.dll
0x73f80000 - 0x7411e000 	C:\Windows\WinSxS\x86_microsoft.windows.common-controls_6595b64144ccf1df_6.0.7601.17514_none_41e6975e2bd6f2b2\COMCTL32.dll
0x771a0000 - 0x771f7000 	C:\Windows\system32\SHLWAPI.dll
0x77200000 - 0x7721f000 	C:\Windows\system32\IMM32.DLL
0x75610000 - 0x756dc000 	C:\Windows\system32\MSCTF.dll
0x60bd0000 - 0x60c8e000 	C:\Java\jdk1.7.0_17\jre\bin\msvcr100.dll
0x61d90000 - 0x620dc000 	C:\Java\jdk1.7.0_17\jre\bin\client\jvm.dll
0x6d960000 - 0x6d967000 	C:\Windows\system32\WSOCK32.dll
0x76a40000 - 0x76a75000 	C:\Windows\system32\WS2_32.dll
0x75600000 - 0x75606000 	C:\Windows\system32\NSI.dll
0x73cf0000 - 0x73d22000 	C:\Windows\system32\WINMM.dll
0x76a80000 - 0x76a85000 	C:\Windows\system32\PSAPI.DLL
0x72fe0000 - 0x72fec000 	C:\Java\jdk1.7.0_17\jre\bin\verify.dll
0x72fc0000 - 0x72fe0000 	C:\Java\jdk1.7.0_17\jre\bin\java.dll
0x72fa0000 - 0x72fb3000 	C:\Java\jdk1.7.0_17\jre\bin\zip.dll
0x70470000 - 0x7055b000 	C:\Windows\system32\dbghelp.dll

VM Arguments:
jvm_args: -Dfile.encoding=UTF-8 -Xbootclasspath:C:\adt-bundle-windows-x86-20130729\sdk\platforms\android-18\android.jar 
java_command: org.eclipse.jdt.internal.junit.runner.RemoteTestRunner -version 3 -port 7106 -testLoaderClass org.eclipse.jdt.internal.junit4.runner.JUnit4TestLoader -loaderpluginname org.eclipse.jdt.junit4.runtime -test junit.test.BussinessServiceTest:testLogin
Launcher Type: SUN_STANDARD

Environment Variables:
JAVA_HOME=C:\Java\jdk1.7.0_17
PATH=C:/Java/jdk1.7.0_17/bin/../jre/bin/client;C:/Java/jdk1.7.0_17/bin/../jre/bin;C:/Java/jdk1.7.0_17/bin/../jre/lib/i386;.;C:\adt-bundle-windows-x86-20130729\sdk\tools;C:\Developer\ruby-2.0.0-p353-i386-mingw32\bin;C:\Java\mysql-5.6.14-win32\bin;C:\Java\jdk1.7.0_17\bin;C:\Windows\system32;C:\Windows;C:\Windows\System32\Wbem;C:\Windows\System32\WindowsPowerShell\v1.0\;C:\Program Files\Microsoft SQL Server\100\Tools\Binn\;C:\Program Files\Microsoft SQL Server\100\DTS\Binn\;C:\Program Files\Git\bin;C:\quickstart;C:\Program Files\TortoiseSVN\bin;C:\adt-bundle-windows-x86-20130729\eclipse;
USERNAME=Xiangyang
OS=Windows_NT
PROCESSOR_IDENTIFIER=x86 Family 6 Model 15 Stepping 13, GenuineIntel



---------------  S Y S T E M  ---------------

OS: Windows 7 Build 7601 Service Pack 1

CPU:total 2 (2 cores per cpu, 1 threads per core) family 6 model 15 stepping 13, cmov, cx8, fxsr, mmx, sse, sse2, sse3, ssse3, tsc

Memory: 4k page, physical 2095148k(105784k free), swap 4313176k(741644k free)

vm_info: Java HotSpot(TM) Client VM (23.7-b01) for windows-x86 JRE (1.7.0_17-b02), built on Mar  1 2013 05:04:36 by "java_re" with unknown MS VC++:1600

time: Sat May 31 01:09:57 2014
elapsed time: 0 seconds

